find_header: checking for #include <CoreMIDI/MIDIServices.h>
... -------------------- yes

"gcc -E -I. -I/System/Library/Frameworks/Ruby.framework/Versions/1.8/usr/lib/ruby/1.8/universal-darwin9.0 -I.    -Os -pipe -fno-common  conftest.c -o conftest.i"
checked program was:
/* begin */
1: #include <CoreMIDI/MIDIServices.h>
/* end */

--------------------

find_library: checking for MIDIGetNumberOfSources() in -lCoreMIDI... -------------------- no

"gcc -o conftest -I. -I/System/Library/Frameworks/Ruby.framework/Versions/1.8/usr/lib/ruby/1.8/universal-darwin9.0 -I.   -arch i386 -Os -pipe -fno-common conftest.c  -L. -L/System/Library/Frameworks/Ruby.framework/Versions/1.8/usr/lib -L. -arch i386     -lruby -lCoreMIDI  -lpthread -ldl -lm  "
conftest.c: In function ‘t’:
conftest.c:3: error: ‘MIDIGetNumberOfSources’ undeclared (first use in this function)
conftest.c:3: error: (Each undeclared identifier is reported only once
conftest.c:3: error: for each function it appears in.)
checked program was:
/* begin */
1: /*top*/
2: int main() { return 0; }
3: int t() { void ((*volatile p)()); p = (void ((*)()))MIDIGetNumberOfSources; return 0; }
/* end */

"gcc -o conftest -I. -I/System/Library/Frameworks/Ruby.framework/Versions/1.8/usr/lib/ruby/1.8/universal-darwin9.0 -I.   -arch i386 -Os -pipe -fno-common conftest.c  -L. -L/System/Library/Frameworks/Ruby.framework/Versions/1.8/usr/lib -L. -arch i386     -lruby -lCoreMIDI  -lpthread -ldl -lm  "
ld: library not found for -lCoreMIDI
collect2: ld returned 1 exit status
checked program was:
/* begin */
1: /*top*/
2: int main() { return 0; }
3: int t() { MIDIGetNumberOfSources(); return 0; }
/* end */

"gcc -o conftest -I. -I/System/Library/Frameworks/Ruby.framework/Versions/1.8/usr/lib/ruby/1.8/universal-darwin9.0 -I.   -arch i386 -Os -pipe -fno-common conftest.c  -L. -L/System/Library/Frameworks/Ruby.framework/Versions/1.8/usr/lib -L/System/Library/Frameworks/CoreMIDI.framework/Versions/Current -L. -arch i386     -lruby -lCoreMIDI  -lpthread -ldl -lm  "
conftest.c: In function ‘t’:
conftest.c:3: error: ‘MIDIGetNumberOfSources’ undeclared (first use in this function)
conftest.c:3: error: (Each undeclared identifier is reported only once
conftest.c:3: error: for each function it appears in.)
checked program was:
/* begin */
1: /*top*/
2: int main() { return 0; }
3: int t() { void ((*volatile p)()); p = (void ((*)()))MIDIGetNumberOfSources; return 0; }
/* end */

"gcc -o conftest -I. -I/System/Library/Frameworks/Ruby.framework/Versions/1.8/usr/lib/ruby/1.8/universal-darwin9.0 -I.   -arch i386 -Os -pipe -fno-common conftest.c  -L. -L/System/Library/Frameworks/Ruby.framework/Versions/1.8/usr/lib -L/System/Library/Frameworks/CoreMIDI.framework/Versions/Current -L. -arch i386     -lruby -lCoreMIDI  -lpthread -ldl -lm  "
ld: library not found for -lCoreMIDI
collect2: ld returned 1 exit status
checked program was:
/* begin */
1: /*top*/
2: int main() { return 0; }
3: int t() { MIDIGetNumberOfSources(); return 0; }
/* end */

--------------------

